Determining if the pthread_create exist failed with the following output:
Change Dir: /home/rambo/pvcnn/depth2pcd/build/CMakeFiles/CMakeTmp

Run Build Command:"/usr/bin/make" "cmTC_5d4d3/fast"
/usr/bin/make -f CMakeFiles/cmTC_5d4d3.dir/build.make CMakeFiles/cmTC_5d4d3.dir/build
make[1]: Entering directory '/home/rambo/pvcnn/depth2pcd/build/CMakeFiles/CMakeTmp'
Building C object CMakeFiles/cmTC_5d4d3.dir/CheckSymbolExists.c.o
/usr/bin/cc    -o CMakeFiles/cmTC_5d4d3.dir/CheckSymbolExists.c.o   -c /home/rambo/pvcnn/depth2pcd/build/CMakeFiles/CMakeTmp/CheckSymbolExists.c
Linking C executable cmTC_5d4d3
/usr/bin/cmake -E cmake_link_script CMakeFiles/cmTC_5d4d3.dir/link.txt --verbose=1
/usr/bin/cc      -rdynamic CMakeFiles/cmTC_5d4d3.dir/CheckSymbolExists.c.o  -o cmTC_5d4d3 
CMakeFiles/cmTC_5d4d3.dir/CheckSymbolExists.c.o: In function `main':
CheckSymbolExists.c:(.text+0x1b): undefined reference to `pthread_create'
collect2: error: ld returned 1 exit status
CMakeFiles/cmTC_5d4d3.dir/build.make:97: recipe for target 'cmTC_5d4d3' failed
make[1]: *** [cmTC_5d4d3] Error 1
make[1]: Leaving directory '/home/rambo/pvcnn/depth2pcd/build/CMakeFiles/CMakeTmp'
Makefile:126: recipe for target 'cmTC_5d4d3/fast' failed
make: *** [cmTC_5d4d3/fast] Error 2

File /home/rambo/pvcnn/depth2pcd/build/CMakeFiles/CMakeTmp/CheckSymbolExists.c:
/* */
#include <pthread.h>

int main(int argc, char** argv)
{
  (void)argv;
#ifndef pthread_create
  return ((int*)(&pthread_create))[argc];
#else
  (void)argc;
  return 0;
#endif
}

Determining if the function pthread_create exists in the pthreads failed with the following output:
Change Dir: /home/rambo/pvcnn/depth2pcd/build/CMakeFiles/CMakeTmp

Run Build Command:"/usr/bin/make" "cmTC_116be/fast"
/usr/bin/make -f CMakeFiles/cmTC_116be.dir/build.make CMakeFiles/cmTC_116be.dir/build
make[1]: Entering directory '/home/rambo/pvcnn/depth2pcd/build/CMakeFiles/CMakeTmp'
Building C object CMakeFiles/cmTC_116be.dir/CheckFunctionExists.c.o
/usr/bin/cc   -DCHECK_FUNCTION_EXISTS=pthread_create   -o CMakeFiles/cmTC_116be.dir/CheckFunctionExists.c.o   -c /usr/share/cmake-3.10/Modules/CheckFunctionExists.c
Linking C executable cmTC_116be
/usr/bin/cmake -E cmake_link_script CMakeFiles/cmTC_116be.dir/link.txt --verbose=1
/usr/bin/cc  -DCHECK_FUNCTION_EXISTS=pthread_create    -rdynamic CMakeFiles/cmTC_116be.dir/CheckFunctionExists.c.o  -o cmTC_116be -lpthreads 
/usr/bin/ld: cannot find -lpthreads
collect2: error: ld returned 1 exit status
CMakeFiles/cmTC_116be.dir/build.make:97: recipe for target 'cmTC_116be' failed
make[1]: *** [cmTC_116be] Error 1
make[1]: Leaving directory '/home/rambo/pvcnn/depth2pcd/build/CMakeFiles/CMakeTmp'
Makefile:126: recipe for target 'cmTC_116be/fast' failed
make: *** [cmTC_116be/fast] Error 2


