Determining if the pthread_create exist failed with the following output:
Change Dir: /home/rambo/pvcnn/xyz2pcd/build/CMakeFiles/CMakeTmp

Run Build Command:"/usr/bin/make" "cmTC_1a3da/fast"
/usr/bin/make -f CMakeFiles/cmTC_1a3da.dir/build.make CMakeFiles/cmTC_1a3da.dir/build
make[1]: Entering directory '/home/rambo/pvcnn/xyz2pcd/build/CMakeFiles/CMakeTmp'
Building C object CMakeFiles/cmTC_1a3da.dir/CheckSymbolExists.c.o
/usr/bin/cc    -o CMakeFiles/cmTC_1a3da.dir/CheckSymbolExists.c.o   -c /home/rambo/pvcnn/xyz2pcd/build/CMakeFiles/CMakeTmp/CheckSymbolExists.c
Linking C executable cmTC_1a3da
/usr/bin/cmake -E cmake_link_script CMakeFiles/cmTC_1a3da.dir/link.txt --verbose=1
/usr/bin/cc      -rdynamic CMakeFiles/cmTC_1a3da.dir/CheckSymbolExists.c.o  -o cmTC_1a3da 
CMakeFiles/cmTC_1a3da.dir/CheckSymbolExists.c.o: In function `main':
CheckSymbolExists.c:(.text+0x1b): undefined reference to `pthread_create'
collect2: error: ld returned 1 exit status
CMakeFiles/cmTC_1a3da.dir/build.make:97: recipe for target 'cmTC_1a3da' failed
make[1]: *** [cmTC_1a3da] Error 1
make[1]: Leaving directory '/home/rambo/pvcnn/xyz2pcd/build/CMakeFiles/CMakeTmp'
Makefile:126: recipe for target 'cmTC_1a3da/fast' failed
make: *** [cmTC_1a3da/fast] Error 2

File /home/rambo/pvcnn/xyz2pcd/build/CMakeFiles/CMakeTmp/CheckSymbolExists.c:
/* */
#include <pthread.h>

int main(int argc, char** argv)
{
  (void)argv;
#ifndef pthread_create
  return ((int*)(&pthread_create))[argc];
#else
  (void)argc;
  return 0;
#endif
}

Determining if the function pthread_create exists in the pthreads failed with the following output:
Change Dir: /home/rambo/pvcnn/xyz2pcd/build/CMakeFiles/CMakeTmp

Run Build Command:"/usr/bin/make" "cmTC_4eb77/fast"
/usr/bin/make -f CMakeFiles/cmTC_4eb77.dir/build.make CMakeFiles/cmTC_4eb77.dir/build
make[1]: Entering directory '/home/rambo/pvcnn/xyz2pcd/build/CMakeFiles/CMakeTmp'
Building C object CMakeFiles/cmTC_4eb77.dir/CheckFunctionExists.c.o
/usr/bin/cc   -DCHECK_FUNCTION_EXISTS=pthread_create   -o CMakeFiles/cmTC_4eb77.dir/CheckFunctionExists.c.o   -c /usr/share/cmake-3.10/Modules/CheckFunctionExists.c
Linking C executable cmTC_4eb77
/usr/bin/cmake -E cmake_link_script CMakeFiles/cmTC_4eb77.dir/link.txt --verbose=1
/usr/bin/cc  -DCHECK_FUNCTION_EXISTS=pthread_create    -rdynamic CMakeFiles/cmTC_4eb77.dir/CheckFunctionExists.c.o  -o cmTC_4eb77 -lpthreads 
/usr/bin/ld: cannot find -lpthreads
collect2: error: ld returned 1 exit status
CMakeFiles/cmTC_4eb77.dir/build.make:97: recipe for target 'cmTC_4eb77' failed
make[1]: *** [cmTC_4eb77] Error 1
make[1]: Leaving directory '/home/rambo/pvcnn/xyz2pcd/build/CMakeFiles/CMakeTmp'
Makefile:126: recipe for target 'cmTC_4eb77/fast' failed
make: *** [cmTC_4eb77/fast] Error 2


